[Fri Jun 17 02:50:59.534874 2022] [mpm_event:notice] [pid 110:tid 139873018455168] AH00489: Apache/2.4.38 (Debian) mod_wsgi/4.6.5 Python/3.7 configured -- resuming normal operations
[Fri Jun 17 02:50:59.535247 2022] [core:notice] [pid 110:tid 139873018455168] AH00094: Command line: '/usr/sbin/apache2'
Fatal Python error: initfsencoding: unable to load the file system codec
ModuleNotFoundError: No module named 'encodings'

Current thread 0x00007f36b9942480 (most recent call first):
[Fri Jun 17 02:51:07.888642 2022] [core:warn] [pid 68:tid 140683758601344] AH00098: pid file /var/run/apache2/apache2.pid overwritten -- Unclean shutdown of previous Apache run?
[Fri Jun 17 02:51:07.891316 2022] [mpm_event:notice] [pid 68:tid 140683758601344] AH00489: Apache/2.4.38 (Debian) mod_wsgi/4.6.5 Python/3.7 configured -- resuming normal operations
[Fri Jun 17 02:51:07.891528 2022] [core:notice] [pid 68:tid 140683758601344] AH00094: Command line: '/usr/sbin/apache2'
Fatal Python error: initfsencoding: unable to load the file system codec
ModuleNotFoundError: No module named 'encodings'

Current thread 0x00007ff37d750480 (most recent call first):
[Fri Jun 17 02:51:08.892899 2022] [core:notice] [pid 68:tid 140683758601344] AH00052: child pid 73 exit signal Aborted (6)
[Fri Jun 17 02:51:33.717866 2022] [core:warn] [pid 68:tid 139703317505152] AH00098: pid file /var/run/apache2/apache2.pid overwritten -- Unclean shutdown of previous Apache run?
[Fri Jun 17 03:17:23.160884 2022] [mpm_event:notice] [pid 124:tid 140167250850944] AH00489: Apache/2.4.38 (Debian) mod_wsgi/4.6.5 Python/3.7 configured -- resuming normal operations
Fatal Python error: initfsencoding: unable to load the file system codec
ModuleNotFoundError[Fri Jun 17 03:17:23.200252 2022] [core:notice] [pid 124:tid 140167250850944] AH00094: Command line: '/usr/sbin/apache2'
: No module named 'encodings'

Current thread 0x00007f7b3b323480 (most recent call first):
[Fri Jun 17 03:17:32.250478 2022] [core:warn] [pid 68:tid 140250170848384] AH00098: pid file /var/run/apache2/apache2.pid overwritten -- Unclean shutdown of previous Apache run?
[Fri Jun 17 03:17:32.261663 2022] [mpm_event:notice] [pid 68:tid 140250170848384] AH00489: Apache/2.4.38 (Debian) mod_wsgi/4.6.5 Python/3.7 configured -- resuming normal operations
[Fri Jun 17 03:17:32.261846 2022] [core:notice] [pid 68:tid 140250170848384] AH00094: Command line: '/usr/sbin/apache2'
Fatal Python error: initfsencoding: unable to load the file system codec
ModuleNotFoundError: No module named 'encodings'

Current thread 0x00007f8e899cf480 (most recent call first):
[Fri Jun 17 03:17:51.470325 2022] [core:warn] [pid 68:tid 140231727408256] AH00098: pid file /var/run/apache2/apache2.pid overwritten -- Unclean shutdown of previous Apache run?
